kotlin version: 2.4.0
error message: org.jetbrains.kotlin.fir.pipeline.IrGenerationExtensionException: Back-end: Please report this problem https://kotl.in/issue
C:/Users/Burgas/IdeaProjects/portfolio-case/ktor-server/src/main/kotlin/dto/Dto.kt:133:1
Problem with `@Serializable
data class PortfolioRequest : Request {
  constructor(id: UUID?, professionId: UUID?, identityId: UUID?, description: String?) /* primary */ {
    super/*Any*/()
    /* <init>() */

  }

  @Contextual
  override val id: UUID?
    field = id
    override get

  val professionId: UUID?
    field = professionId
    get

  val identityId: UUID?
    field = identityId
    get

  val description: String?
    field = description
    get

  companion object Companion {
    private constructor() /* primary */ {
      super/*Any*/()
      /* <init>() */

    }

    fun serializer(): KSerializer<PortfolioRequest>

    /* fake */ override operator fun equals(other: Any?): Boolean

    /* fake */ override fun hashCode(): Int

    /* fake */ override fun toString(): String

  }

  @Deprecated(message = "This synthesized declaration should not be used directly", level = DeprecationLevel.HIDDEN)
  object $serializer : GeneratedSerializer<PortfolioRequest> {
    private constructor() /* primary */ {
      super/*Any*/()
      /* <init>() */

    }

    override fun serialize(encoder: Encoder, value: PortfolioRequest)

    override fun deserialize(decoder: Decoder): PortfolioRequest

    override val descriptor: SerialDescriptor
      override get

    override fun childSerializers(): Array<KSerializer<*>>

    /* fake */ override fun typeParametersSerializers(): Array<KSerializer<*>>

    /* fake */ override operator fun equals(other: Any?): Boolean

    /* fake */ override fun hashCode(): Int

    /* fake */ override fun toString(): String

  }

  operator fun component1(): UUID? {
    return <this>.#id
  }

  operator fun component2(): UUID? {
    return <this>.#professionId
  }

  operator fun component3(): UUID? {
    return <this>.#identityId
  }

  operator fun component4(): String? {
    return <this>.#description
  }

  fun copy(id: UUID? = <this>.#id, professionId: UUID? = <this>.#professionId, identityId: UUID? = <this>.#identityId, description: String? = <this>.#description): PortfolioRequest {
    return PortfolioRequest(id = id, professionId = professionId, identityId = identityId, description = description)
  }

  override fun toString(): String {
    return "PortfolioRequest(" + "id=" + <this>.#id + ", " + "professionId=" + <this>.#professionId + ", " + "identityId=" + <this>.#identityId + ", " + "description=" + <this>.#description + ")"
  }

  override fun hashCode(): Int {
    var result: Int = when {
      EQEQ(arg0 = <this>.#id, arg1 = null) -> 0
      else -> <this>.#id.hashCode()
    }
    result = result.times(other = 31).plus(other = when {
      EQEQ(arg0 = <this>.#professionId, arg1 = null) -> 0
      else -> <this>.#professionId.hashCode()
    })
    result = result.times(other = 31).plus(other = when {
      EQEQ(arg0 = <this>.#identityId, arg1 = null) -> 0
      else -> <this>.#identityId.hashCode()
    })
    result = result.times(other = 31).plus(other = when {
      EQEQ(arg0 = <this>.#description, arg1 = null) -> 0
      else -> <this>.#description.hashCode()
    })
    return result
  }

  override operator fun equals(other: Any?): Boolean {
    when {
      EQEQEQ(arg0 = <this>, arg1 = other) -> return true
    }
    when {
      other !is PortfolioRequest -> return false
    }
    val tmp0_other_with_cast: PortfolioRequest = other /*as PortfolioRequest */
    when {
      EQEQ(arg0 = <this>.#id, arg1 = tmp0_other_with_cast.#id).not() -> return false
    }
    when {
      EQEQ(arg0 = <this>.#professionId, arg1 = tmp0_other_with_cast.#professionId).not() -> return false
    }
    when {
      EQEQ(arg0 = <this>.#identityId, arg1 = tmp0_other_with_cast.#identityId).not() -> return false
    }
    when {
      EQEQ(arg0 = <this>.#description, arg1 = tmp0_other_with_cast.#description).not() -> return false
    }
    return true
  }

  @JvmStatic
  internal /* static */ fun write$Self(self: PortfolioRequest, output: CompositeEncoder, serialDesc: SerialDescriptor)

  internal constructor(seen0: Int, id: UUID?, professionId: UUID?, identityId: UUID?, description: String?, serializationConstructorMarker: SerializationConstructorMarker?)

}

`
Details: kotlinx.serialization compiler plugin internal error: unable to transform declaration, see cause
	at org.jetbrains.kotlin.fir.pipeline.Fir2IrPipeline.applyIrGenerationExtensions(convertToIr.kt:583)
	at org.jetbrains.kotlin.fir.pipeline.Fir2IrPipeline.runActualizationPipeline(convertToIr.kt:281)
	at org.jetbrains.kotlin.fir.pipeline.Fir2IrPipeline.convertToIrAndActualize(convertToIr.kt:154)
	at org.jetbrains.kotlin.fir.pipeline.ConvertToIrKt.convertToIrAndActualize-MT2kVtw(convertToIr.kt:119)
	at org.jetbrains.kotlin.fir.pipeline.ConvertToIrKt.convertToIrAndActualize-MT2kVtw$default(convertToIr.kt:92)
	at org.jetbrains.kotlin.cli.jvm.compiler.legacy.pipeline.JvmCompilerPipelineKt.convertToIrAndActualizeForJvm-_I1IR-w(jvmCompilerPipeline.kt:95)
	at org.jetbrains.kotlin.cli.pipeline.jvm.JvmFir2IrPipelinePhase.executePhase(JvmFir2IrPipelinePhase.kt:31)
	at org.jetbrains.kotlin.cli.pipeline.jvm.JvmFir2IrPipelinePhase.executePhase(JvmFir2IrPipelinePhase.kt:26)
	at org.jetbrains.kotlin.cli.pipeline.jvm.JvmFir2IrPipelinePhase.executePhase(JvmFir2IrPipelinePhase.kt:20)
	at org.jetbrains.kotlin.cli.pipeline.PipelinePhase.phaseBody(PipelinePhase.kt:63)
	at org.jetbrains.kotlin.cli.pipeline.PipelinePhase.phaseBody(PipelinePhase.kt:53)
	at org.jetbrains.kotlin.config.phaser.NamedCompilerPhase.invoke(CompilerPhase.kt:102)
	at org.jetbrains.kotlin.backend.common.phaser.CompositePhase.invoke(PhaseBuilders.kt:22)
	at org.jetbrains.kotlin.config.phaser.CompilerPhaseKt.invokeToplevel(CompilerPhase.kt:53)
	at org.jetbrains.kotlin.cli.pipeline.AbstractCliPipeline.runPhasedPipeline(AbstractCliPipeline.kt:135)
	at org.jetbrains.kotlin.cli.pipeline.AbstractCliPipeline.executeAndReturnPipeLineArtifact(AbstractCliPipeline.kt:89)
	at org.jetbrains.kotlin.cli.pipeline.AbstractCliPipeline.executeAndReturnPipeLineArtifact$default(AbstractCliPipeline.kt:49)
	at org.jetbrains.kotlin.cli.pipeline.AbstractCliPipeline.execute(AbstractCliPipeline.kt:40)
	at org.jetbrains.kotlin.cli.jvm.K2JVMCompiler.doExecutePhased(K2JVMCompiler.kt:54)
	at org.jetbrains.kotlin.cli.jvm.K2JVMCompiler.doExecutePhased(K2JVMCompiler.kt:45)
	at org.jetbrains.kotlin.cli.common.CLICompiler.execImpl(CLICompiler.kt:94)
	at org.jetbrains.kotlin.cli.common.CLICompiler.exec(CLICompiler.kt:366)
	at org.jetbrains.kotlin.incremental.IncrementalJvmCompilerRunnerBase.runCompiler(IncrementalJvmCompilerRunnerBase.kt:211)
	at org.jetbrains.kotlin.incremental.IncrementalJvmCompilerRunnerBase.runCompiler(IncrementalJvmCompilerRunnerBase.kt:53)
	at org.jetbrains.kotlin.incremental.IncrementalCompilerRunner.doCompile(IncrementalCompilerRunner.kt:539)
	at org.jetbrains.kotlin.incremental.IncrementalCompilerRunner.compileImpl(IncrementalCompilerRunner.kt:451)
	at org.jetbrains.kotlin.incremental.IncrementalCompilerRunner.compileNonIncrementally(IncrementalCompilerRunner.kt:327)
	at org.jetbrains.kotlin.incremental.IncrementalCompilerRunner.compile(IncrementalCompilerRunner.kt:139)
	at org.jetbrains.kotlin.daemon.CompileServiceImplBase.execIncrementalCompiler(CompileServiceImpl.kt:782)
	at org.jetbrains.kotlin.daemon.CompileServiceImplBase.access$execIncrementalCompiler(CompileServiceImpl.kt:108)
	at org.jetbrains.kotlin.daemon.CompileServiceImpl.compile(CompileServiceImpl.kt:2046)
	at java.base/jdk.internal.reflect.DirectMethodHandleAccessor.invoke(DirectMethodHandleAccessor.java:104)
	at java.base/java.lang.reflect.Method.invoke(Method.java:565)
	at java.rmi/sun.rmi.server.UnicastServerRef.dispatch(UnicastServerRef.java:351)
	at java.rmi/sun.rmi.transport.Transport.serviceCall(Transport.java:166)
	at java.rmi/sun.rmi.transport.tcp.TCPTransport.handleMessages(TCPTransport.java:543)
	at java.rmi/sun.rmi.transport.tcp.TCPTransport$ConnectionHandler.run0(TCPTransport.java:744)
	at java.rmi/sun.rmi.transport.tcp.TCPTransport$ConnectionHandler.run(TCPTransport.java:623)
	at java.base/java.util.concurrent.ThreadPoolExecutor.runWorker(ThreadPoolExecutor.java:1090)
	at java.base/java.util.concurrent.ThreadPoolExecutor$Worker.run(ThreadPoolExecutor.java:614)
	at java.base/java.lang.Thread.run(Thread.java:1516)
Caused by: org.jetbrains.kotlin.backend.common.CompilationException: Back-end: Please report this problem https://kotl.in/issue
C:/Users/Burgas/IdeaProjects/portfolio-case/ktor-server/src/main/kotlin/dto/Dto.kt:133:1
Problem with `@Serializable
data class PortfolioRequest : Request {
  constructor(id: UUID?, professionId: UUID?, identityId: UUID?, description: String?) /* primary */ {
    super/*Any*/()
    /* <init>() */

  }

  @Contextual
  override val id: UUID?
    field = id
    override get

  val professionId: UUID?
    field = professionId
    get

  val identityId: UUID?
    field = identityId
    get

  val description: String?
    field = description
    get

  companion object Companion {
    private constructor() /* primary */ {
      super/*Any*/()
      /* <init>() */

    }

    fun serializer(): KSerializer<PortfolioRequest>

    /* fake */ override operator fun equals(other: Any?): Boolean

    /* fake */ override fun hashCode(): Int

    /* fake */ override fun toString(): String

  }

  @Deprecated(message = "This synthesized declaration should not be used directly", level = DeprecationLevel.HIDDEN)
  object $serializer : GeneratedSerializer<PortfolioRequest> {
    private constructor() /* primary */ {
      super/*Any*/()
      /* <init>() */

    }

    override fun serialize(encoder: Encoder, value: PortfolioRequest)

    override fun deserialize(decoder: Decoder): PortfolioRequest

    override val descriptor: SerialDescriptor
      override get

    override fun childSerializers(): Array<KSerializer<*>>

    /* fake */ override fun typeParametersSerializers(): Array<KSerializer<*>>

    /* fake */ override operator fun equals(other: Any?): Boolean

    /* fake */ override fun hashCode(): Int

    /* fake */ override fun toString(): String

  }

  operator fun component1(): UUID? {
    return <this>.#id
  }

  operator fun component2(): UUID? {
    return <this>.#professionId
  }

  operator fun component3(): UUID? {
    return <this>.#identityId
  }

  operator fun component4(): String? {
    return <this>.#description
  }

  fun copy(id: UUID? = <this>.#id, professionId: UUID? = <this>.#professionId, identityId: UUID? = <this>.#identityId, description: String? = <this>.#description): PortfolioRequest {
    return PortfolioRequest(id = id, professionId = professionId, identityId = identityId, description = description)
  }

  override fun toString(): String {
    return "PortfolioRequest(" + "id=" + <this>.#id + ", " + "professionId=" + <this>.#professionId + ", " + "identityId=" + <this>.#identityId + ", " + "description=" + <this>.#description + ")"
  }

  override fun hashCode(): Int {
    var result: Int = when {
      EQEQ(arg0 = <this>.#id, arg1 = null) -> 0
      else -> <this>.#id.hashCode()
    }
    result = result.times(other = 31).plus(other = when {
      EQEQ(arg0 = <this>.#professionId, arg1 = null) -> 0
      else -> <this>.#professionId.hashCode()
    })
    result = result.times(other = 31).plus(other = when {
      EQEQ(arg0 = <this>.#identityId, arg1 = null) -> 0
      else -> <this>.#identityId.hashCode()
    })
    result = result.times(other = 31).plus(other = when {
      EQEQ(arg0 = <this>.#description, arg1 = null) -> 0
      else -> <this>.#description.hashCode()
    })
    return result
  }

  override operator fun equals(other: Any?): Boolean {
    when {
      EQEQEQ(arg0 = <this>, arg1 = other) -> return true
    }
    when {
      other !is PortfolioRequest -> return false
    }
    val tmp0_other_with_cast: PortfolioRequest = other /*as PortfolioRequest */
    when {
      EQEQ(arg0 = <this>.#id, arg1 = tmp0_other_with_cast.#id).not() -> return false
    }
    when {
      EQEQ(arg0 = <this>.#professionId, arg1 = tmp0_other_with_cast.#professionId).not() -> return false
    }
    when {
      EQEQ(arg0 = <this>.#identityId, arg1 = tmp0_other_with_cast.#identityId).not() -> return false
    }
    when {
      EQEQ(arg0 = <this>.#description, arg1 = tmp0_other_with_cast.#description).not() -> return false
    }
    return true
  }

  @JvmStatic
  internal /* static */ fun write$Self(self: PortfolioRequest, output: CompositeEncoder, serialDesc: SerialDescriptor)

  internal constructor(seen0: Int, id: UUID?, professionId: UUID?, identityId: UUID?, description: String?, serializationConstructorMarker: SerializationConstructorMarker?)

}

`
Details: kotlinx.serialization compiler plugin internal error: unable to transform declaration, see cause
	at org.jetbrains.kotlinx.serialization.compiler.extensions.SerializerClassLowering.lower(SerializationLoweringExtension.kt:243)
	at org.jetbrains.kotlinx.serialization.compiler.extensions.SerializationLoweringExtensionKt$runOnFileInOrder$1.visitClass(SerializationLoweringExtension.kt:52)
	at org.jetbrains.kotlin.ir.visitors.IrVisitorVoid.visitClass(IrVisitorVoid.kt:44)
	at org.jetbrains.kotlin.ir.visitors.IrVisitorVoid.visitClass(IrVisitorVoid.kt:18)
	at org.jetbrains.kotlin.ir.declarations.IrClass.accept(IrClass.kt:72)
	at org.jetbrains.kotlin.ir.declarations.IrPackageFragment.acceptChildren(IrPackageFragment.kt:27)
	at org.jetbrains.kotlin.ir.visitors.IrVisitorsKt.acceptChildrenVoid(IrVisitors.kt:23)
	at org.jetbrains.kotlinx.serialization.compiler.extensions.SerializationLoweringExtensionKt$runOnFileInOrder$1.visitElement(SerializationLoweringExtension.kt:48)
	at org.jetbrains.kotlin.ir.visitors.IrVisitorVoid.visitPackageFragment(IrVisitorVoid.kt:168)
	at org.jetbrains.kotlin.ir.visitors.IrVisitorVoid.visitFile(IrVisitorVoid.kt:184)
	at org.jetbrains.kotlin.ir.visitors.IrVisitorVoid.visitFile(IrVisitorVoid.kt:180)
	at org.jetbrains.kotlin.ir.visitors.IrVisitorVoid.visitFile(IrVisitorVoid.kt:18)
	at org.jetbrains.kotlin.ir.declarations.IrFile.accept(IrFile.kt:27)
	at org.jetbrains.kotlin.ir.visitors.IrVisitorsKt.acceptVoid(IrVisitors.kt:11)
	at org.jetbrains.kotlinx.serialization.compiler.extensions.SerializationLoweringExtensionKt.runOnFileInOrder(SerializationLoweringExtension.kt:46)
	at org.jetbrains.kotlinx.serialization.compiler.extensions.SerializationLoweringExtension.generate(SerializationLoweringExtension.kt:207)
	at org.jetbrains.kotlin.fir.pipeline.Fir2IrPipeline.applyIrGenerationExtensions(convertToIr.kt:577)
	... 40 more
Caused by: java.lang.IllegalStateException: Serializer for element of type java.util.UUID? has not been found
	at org.jetbrains.kotlinx.serialization.compiler.backend.ir.SerializerSearchUtilKt.findTypeSerializerOrContext(SerializerSearchUtil.kt:88)
	at org.jetbrains.kotlinx.serialization.compiler.backend.ir.SerializerSearchUtilKt.getIrSerialTypeInfo(SerializerSearchUtil.kt:60)
	at org.jetbrains.kotlinx.serialization.compiler.backend.ir.BaseIrGenerator.cacheableChildSerializerInstance(BaseIrGenerator.kt:463)
	at org.jetbrains.kotlinx.serialization.compiler.backend.ir.BaseIrGenerator.createCachedChildSerializers(BaseIrGenerator.kt:455)
	at org.jetbrains.kotlinx.serialization.compiler.backend.ir.SerializableIrGenerator.<init>(SerializableIrGenerator.kt:62)
	at org.jetbrains.kotlinx.serialization.compiler.backend.ir.SerializableIrGenerator$Companion.generate(SerializableIrGenerator.kt:394)
	at org.jetbrains.kotlinx.serialization.compiler.extensions.SerializerClassLowering.lower(SerializationLoweringExtension.kt:159)
	... 56 more


error message: org.jetbrains.kotlin.fir.pipeline.IrGenerationExtensionException: Back-end: Please report this problem https://kotl.in/issue
C:/Users/Burgas/IdeaProjects/portfolio-case/ktor-server/src/main/kotlin/dto/Dto.kt:133:1
Problem with `@Serializable
data class PortfolioRequest : Request {
  constructor(id: UUID?, professionId: UUID?, identityId: UUID?, description: String?) /* primary */ {
    super/*Any*/()
    /* <init>() */

  }

  @Contextual
  override val id: UUID?
    field = id
    override get

  val professionId: UUID?
    field = professionId
    get

  val identityId: UUID?
    field = identityId
    get

  val description: String?
    field = description
    get

  companion object Companion {
    private constructor() /* primary */ {
      super/*Any*/()
      /* <init>() */

    }

    fun serializer(): KSerializer<PortfolioRequest>

    /* fake */ override operator fun equals(other: Any?): Boolean

    /* fake */ override fun hashCode(): Int

    /* fake */ override fun toString(): String

  }

  @Deprecated(message = "This synthesized declaration should not be used directly", level = DeprecationLevel.HIDDEN)
  object $serializer : GeneratedSerializer<PortfolioRequest> {
    private constructor() /* primary */ {
      super/*Any*/()
      /* <init>() */

    }

    override fun serialize(encoder: Encoder, value: PortfolioRequest)

    override fun deserialize(decoder: Decoder): PortfolioRequest

    override val descriptor: SerialDescriptor
      override get

    override fun childSerializers(): Array<KSerializer<*>>

    /* fake */ override fun typeParametersSerializers(): Array<KSerializer<*>>

    /* fake */ override operator fun equals(other: Any?): Boolean

    /* fake */ override fun hashCode(): Int

    /* fake */ override fun toString(): String

  }

  operator fun component1(): UUID? {
    return <this>.#id
  }

  operator fun component2(): UUID? {
    return <this>.#professionId
  }

  operator fun component3(): UUID? {
    return <this>.#identityId
  }

  operator fun component4(): String? {
    return <this>.#description
  }

  fun copy(id: UUID? = <this>.#id, professionId: UUID? = <this>.#professionId, identityId: UUID? = <this>.#identityId, description: String? = <this>.#description): PortfolioRequest {
    return PortfolioRequest(id = id, professionId = professionId, identityId = identityId, description = description)
  }

  override fun toString(): String {
    return "PortfolioRequest(" + "id=" + <this>.#id + ", " + "professionId=" + <this>.#professionId + ", " + "identityId=" + <this>.#identityId + ", " + "description=" + <this>.#description + ")"
  }

  override fun hashCode(): Int {
    var result: Int = when {
      EQEQ(arg0 = <this>.#id, arg1 = null) -> 0
      else -> <this>.#id.hashCode()
    }
    result = result.times(other = 31).plus(other = when {
      EQEQ(arg0 = <this>.#professionId, arg1 = null) -> 0
      else -> <this>.#professionId.hashCode()
    })
    result = result.times(other = 31).plus(other = when {
      EQEQ(arg0 = <this>.#identityId, arg1 = null) -> 0
      else -> <this>.#identityId.hashCode()
    })
    result = result.times(other = 31).plus(other = when {
      EQEQ(arg0 = <this>.#description, arg1 = null) -> 0
      else -> <this>.#description.hashCode()
    })
    return result
  }

  override operator fun equals(other: Any?): Boolean {
    when {
      EQEQEQ(arg0 = <this>, arg1 = other) -> return true
    }
    when {
      other !is PortfolioRequest -> return false
    }
    val tmp0_other_with_cast: PortfolioRequest = other /*as PortfolioRequest */
    when {
      EQEQ(arg0 = <this>.#id, arg1 = tmp0_other_with_cast.#id).not() -> return false
    }
    when {
      EQEQ(arg0 = <this>.#professionId, arg1 = tmp0_other_with_cast.#professionId).not() -> return false
    }
    when {
      EQEQ(arg0 = <this>.#identityId, arg1 = tmp0_other_with_cast.#identityId).not() -> return false
    }
    when {
      EQEQ(arg0 = <this>.#description, arg1 = tmp0_other_with_cast.#description).not() -> return false
    }
    return true
  }

  @JvmStatic
  internal /* static */ fun write$Self(self: PortfolioRequest, output: CompositeEncoder, serialDesc: SerialDescriptor)

  internal constructor(seen0: Int, id: UUID?, professionId: UUID?, identityId: UUID?, description: String?, serializationConstructorMarker: SerializationConstructorMarker?)

}

`
Details: kotlinx.serialization compiler plugin internal error: unable to transform declaration, see cause
	at org.jetbrains.kotlin.fir.pipeline.Fir2IrPipeline.applyIrGenerationExtensions(convertToIr.kt:583)
	at org.jetbrains.kotlin.fir.pipeline.Fir2IrPipeline.runActualizationPipeline(convertToIr.kt:281)
	at org.jetbrains.kotlin.fir.pipeline.Fir2IrPipeline.convertToIrAndActualize(convertToIr.kt:154)
	at org.jetbrains.kotlin.fir.pipeline.ConvertToIrKt.convertToIrAndActualize-MT2kVtw(convertToIr.kt:119)
	at org.jetbrains.kotlin.fir.pipeline.ConvertToIrKt.convertToIrAndActualize-MT2kVtw$default(convertToIr.kt:92)
	at org.jetbrains.kotlin.cli.jvm.compiler.legacy.pipeline.JvmCompilerPipelineKt.convertToIrAndActualizeForJvm-_I1IR-w(jvmCompilerPipeline.kt:95)
	at org.jetbrains.kotlin.cli.pipeline.jvm.JvmFir2IrPipelinePhase.executePhase(JvmFir2IrPipelinePhase.kt:31)
	at org.jetbrains.kotlin.cli.pipeline.jvm.JvmFir2IrPipelinePhase.executePhase(JvmFir2IrPipelinePhase.kt:26)
	at org.jetbrains.kotlin.cli.pipeline.jvm.JvmFir2IrPipelinePhase.executePhase(JvmFir2IrPipelinePhase.kt:20)
	at org.jetbrains.kotlin.cli.pipeline.PipelinePhase.phaseBody(PipelinePhase.kt:63)
	at org.jetbrains.kotlin.cli.pipeline.PipelinePhase.phaseBody(PipelinePhase.kt:53)
	at org.jetbrains.kotlin.config.phaser.NamedCompilerPhase.invoke(CompilerPhase.kt:102)
	at org.jetbrains.kotlin.backend.common.phaser.CompositePhase.invoke(PhaseBuilders.kt:22)
	at org.jetbrains.kotlin.config.phaser.CompilerPhaseKt.invokeToplevel(CompilerPhase.kt:53)
	at org.jetbrains.kotlin.cli.pipeline.AbstractCliPipeline.runPhasedPipeline(AbstractCliPipeline.kt:135)
	at org.jetbrains.kotlin.cli.pipeline.AbstractCliPipeline.executeAndReturnPipeLineArtifact(AbstractCliPipeline.kt:89)
	at org.jetbrains.kotlin.cli.pipeline.AbstractCliPipeline.executeAndReturnPipeLineArtifact$default(AbstractCliPipeline.kt:49)
	at org.jetbrains.kotlin.cli.pipeline.AbstractCliPipeline.execute(AbstractCliPipeline.kt:40)
	at org.jetbrains.kotlin.cli.jvm.K2JVMCompiler.doExecutePhased(K2JVMCompiler.kt:54)
	at org.jetbrains.kotlin.cli.jvm.K2JVMCompiler.doExecutePhased(K2JVMCompiler.kt:45)
	at org.jetbrains.kotlin.cli.common.CLICompiler.execImpl(CLICompiler.kt:94)
	at org.jetbrains.kotlin.cli.common.CLICompiler.exec(CLICompiler.kt:366)
	at org.jetbrains.kotlin.incremental.IncrementalJvmCompilerRunnerBase.runCompiler(IncrementalJvmCompilerRunnerBase.kt:211)
	at org.jetbrains.kotlin.incremental.IncrementalJvmCompilerRunnerBase.runCompiler(IncrementalJvmCompilerRunnerBase.kt:53)
	at org.jetbrains.kotlin.incremental.IncrementalCompilerRunner.doCompile(IncrementalCompilerRunner.kt:539)
	at org.jetbrains.kotlin.incremental.IncrementalCompilerRunner.compileImpl(IncrementalCompilerRunner.kt:451)
	at org.jetbrains.kotlin.incremental.IncrementalCompilerRunner.compileNonIncrementally(IncrementalCompilerRunner.kt:327)
	at org.jetbrains.kotlin.incremental.IncrementalCompilerRunner.compile(IncrementalCompilerRunner.kt:139)
	at org.jetbrains.kotlin.buildtools.internal.jvm.operations.JvmCompilationOperationImpl.compileIncrementallyInProcess(JvmCompilationOperationImpl.kt:289)
	at org.jetbrains.kotlin.buildtools.internal.jvm.operations.JvmCompilationOperationImpl.compileIncrementallyInProcess(JvmCompilationOperationImpl.kt:55)
	at org.jetbrains.kotlin.buildtools.internal.BaseCompilationOperationImpl.compileInProcess(BaseCompilationOperationImpl.kt:261)
	at org.jetbrains.kotlin.buildtools.internal.jvm.operations.JvmCompilationOperationImpl.compileInProcess(JvmCompilationOperationImpl.kt:222)
	at org.jetbrains.kotlin.buildtools.internal.BaseCompilationOperationImpl.executeCancellableImpl(BaseCompilationOperationImpl.kt:88)
	at org.jetbrains.kotlin.buildtools.internal.BaseCompilationOperationImpl.executeCancellableImpl(BaseCompilationOperationImpl.kt:55)
	at org.jetbrains.kotlin.buildtools.internal.CancellableBuildOperationImpl.executeImpl(CancellableBuildOperationImpl.kt:58)
	at org.jetbrains.kotlin.buildtools.internal.BuildOperationImpl.execute(BuildOperationImpl.kt:33)
	at org.jetbrains.kotlin.buildtools.internal.KotlinToolchainsImpl$BuildSessionImpl.executeOperation$lambda$1(KotlinToolchainsImpl.kt:74)
	at java.base/java.util.concurrent.FutureTask.run(FutureTask.java:330)
	at java.base/java.util.concurrent.ThreadPoolExecutor.runWorker(ThreadPoolExecutor.java:1090)
	at java.base/java.util.concurrent.ThreadPoolExecutor$Worker.run(ThreadPoolExecutor.java:614)
	at java.base/java.lang.Thread.run(Thread.java:1516)
Caused by: org.jetbrains.kotlin.backend.common.CompilationException: Back-end: Please report this problem https://kotl.in/issue
C:/Users/Burgas/IdeaProjects/portfolio-case/ktor-server/src/main/kotlin/dto/Dto.kt:133:1
Problem with `@Serializable
data class PortfolioRequest : Request {
  constructor(id: UUID?, professionId: UUID?, identityId: UUID?, description: String?) /* primary */ {
    super/*Any*/()
    /* <init>() */

  }

  @Contextual
  override val id: UUID?
    field = id
    override get

  val professionId: UUID?
    field = professionId
    get

  val identityId: UUID?
    field = identityId
    get

  val description: String?
    field = description
    get

  companion object Companion {
    private constructor() /* primary */ {
      super/*Any*/()
      /* <init>() */

    }

    fun serializer(): KSerializer<PortfolioRequest>

    /* fake */ override operator fun equals(other: Any?): Boolean

    /* fake */ override fun hashCode(): Int

    /* fake */ override fun toString(): String

  }

  @Deprecated(message = "This synthesized declaration should not be used directly", level = DeprecationLevel.HIDDEN)
  object $serializer : GeneratedSerializer<PortfolioRequest> {
    private constructor() /* primary */ {
      super/*Any*/()
      /* <init>() */

    }

    override fun serialize(encoder: Encoder, value: PortfolioRequest)

    override fun deserialize(decoder: Decoder): PortfolioRequest

    override val descriptor: SerialDescriptor
      override get

    override fun childSerializers(): Array<KSerializer<*>>

    /* fake */ override fun typeParametersSerializers(): Array<KSerializer<*>>

    /* fake */ override operator fun equals(other: Any?): Boolean

    /* fake */ override fun hashCode(): Int

    /* fake */ override fun toString(): String

  }

  operator fun component1(): UUID? {
    return <this>.#id
  }

  operator fun component2(): UUID? {
    return <this>.#professionId
  }

  operator fun component3(): UUID? {
    return <this>.#identityId
  }

  operator fun component4(): String? {
    return <this>.#description
  }

  fun copy(id: UUID? = <this>.#id, professionId: UUID? = <this>.#professionId, identityId: UUID? = <this>.#identityId, description: String? = <this>.#description): PortfolioRequest {
    return PortfolioRequest(id = id, professionId = professionId, identityId = identityId, description = description)
  }

  override fun toString(): String {
    return "PortfolioRequest(" + "id=" + <this>.#id + ", " + "professionId=" + <this>.#professionId + ", " + "identityId=" + <this>.#identityId + ", " + "description=" + <this>.#description + ")"
  }

  override fun hashCode(): Int {
    var result: Int = when {
      EQEQ(arg0 = <this>.#id, arg1 = null) -> 0
      else -> <this>.#id.hashCode()
    }
    result = result.times(other = 31).plus(other = when {
      EQEQ(arg0 = <this>.#professionId, arg1 = null) -> 0
      else -> <this>.#professionId.hashCode()
    })
    result = result.times(other = 31).plus(other = when {
      EQEQ(arg0 = <this>.#identityId, arg1 = null) -> 0
      else -> <this>.#identityId.hashCode()
    })
    result = result.times(other = 31).plus(other = when {
      EQEQ(arg0 = <this>.#description, arg1 = null) -> 0
      else -> <this>.#description.hashCode()
    })
    return result
  }

  override operator fun equals(other: Any?): Boolean {
    when {
      EQEQEQ(arg0 = <this>, arg1 = other) -> return true
    }
    when {
      other !is PortfolioRequest -> return false
    }
    val tmp0_other_with_cast: PortfolioRequest = other /*as PortfolioRequest */
    when {
      EQEQ(arg0 = <this>.#id, arg1 = tmp0_other_with_cast.#id).not() -> return false
    }
    when {
      EQEQ(arg0 = <this>.#professionId, arg1 = tmp0_other_with_cast.#professionId).not() -> return false
    }
    when {
      EQEQ(arg0 = <this>.#identityId, arg1 = tmp0_other_with_cast.#identityId).not() -> return false
    }
    when {
      EQEQ(arg0 = <this>.#description, arg1 = tmp0_other_with_cast.#description).not() -> return false
    }
    return true
  }

  @JvmStatic
  internal /* static */ fun write$Self(self: PortfolioRequest, output: CompositeEncoder, serialDesc: SerialDescriptor)

  internal constructor(seen0: Int, id: UUID?, professionId: UUID?, identityId: UUID?, description: String?, serializationConstructorMarker: SerializationConstructorMarker?)

}

`
Details: kotlinx.serialization compiler plugin internal error: unable to transform declaration, see cause
	at org.jetbrains.kotlinx.serialization.compiler.extensions.SerializerClassLowering.lower(SerializationLoweringExtension.kt:243)
	at org.jetbrains.kotlinx.serialization.compiler.extensions.SerializationLoweringExtensionKt$runOnFileInOrder$1.visitClass(SerializationLoweringExtension.kt:52)
	at org.jetbrains.kotlin.ir.visitors.IrVisitorVoid.visitClass(IrVisitorVoid.kt:44)
	at org.jetbrains.kotlin.ir.visitors.IrVisitorVoid.visitClass(IrVisitorVoid.kt:18)
	at org.jetbrains.kotlin.ir.declarations.IrClass.accept(IrClass.kt:72)
	at org.jetbrains.kotlin.ir.declarations.IrPackageFragment.acceptChildren(IrPackageFragment.kt:27)
	at org.jetbrains.kotlin.ir.visitors.IrVisitorsKt.acceptChildrenVoid(IrVisitors.kt:23)
	at org.jetbrains.kotlinx.serialization.compiler.extensions.SerializationLoweringExtensionKt$runOnFileInOrder$1.visitElement(SerializationLoweringExtension.kt:48)
	at org.jetbrains.kotlin.ir.visitors.IrVisitorVoid.visitPackageFragment(IrVisitorVoid.kt:168)
	at org.jetbrains.kotlin.ir.visitors.IrVisitorVoid.visitFile(IrVisitorVoid.kt:184)
	at org.jetbrains.kotlin.ir.visitors.IrVisitorVoid.visitFile(IrVisitorVoid.kt:180)
	at org.jetbrains.kotlin.ir.visitors.IrVisitorVoid.visitFile(IrVisitorVoid.kt:18)
	at org.jetbrains.kotlin.ir.declarations.IrFile.accept(IrFile.kt:27)
	at org.jetbrains.kotlin.ir.visitors.IrVisitorsKt.acceptVoid(IrVisitors.kt:11)
	at org.jetbrains.kotlinx.serialization.compiler.extensions.SerializationLoweringExtensionKt.runOnFileInOrder(SerializationLoweringExtension.kt:46)
	at org.jetbrains.kotlinx.serialization.compiler.extensions.SerializationLoweringExtension.generate(SerializationLoweringExtension.kt:207)
	at org.jetbrains.kotlin.fir.pipeline.Fir2IrPipeline.applyIrGenerationExtensions(convertToIr.kt:577)
	... 40 more
Caused by: java.lang.IllegalStateException: Serializer for element of type java.util.UUID? has not been found
	at org.jetbrains.kotlinx.serialization.compiler.backend.ir.SerializerSearchUtilKt.findTypeSerializerOrContext(SerializerSearchUtil.kt:88)
	at org.jetbrains.kotlinx.serialization.compiler.backend.ir.SerializerSearchUtilKt.getIrSerialTypeInfo(SerializerSearchUtil.kt:60)
	at org.jetbrains.kotlinx.serialization.compiler.backend.ir.BaseIrGenerator.cacheableChildSerializerInstance(BaseIrGenerator.kt:463)
	at org.jetbrains.kotlinx.serialization.compiler.backend.ir.BaseIrGenerator.createCachedChildSerializers(BaseIrGenerator.kt:455)
	at org.jetbrains.kotlinx.serialization.compiler.backend.ir.SerializableIrGenerator.<init>(SerializableIrGenerator.kt:62)
	at org.jetbrains.kotlinx.serialization.compiler.backend.ir.SerializableIrGenerator$Companion.generate(SerializableIrGenerator.kt:394)
	at org.jetbrains.kotlinx.serialization.compiler.extensions.SerializerClassLowering.lower(SerializationLoweringExtension.kt:159)
	... 56 more


